[00:28:55] [Server thread/INFO]: [sheha316: Set the time to 1000]
[00:59:03] [Server thread/INFO]: [sheha316: Set own game mode to Creative Mode]
[01:00:34] [Server thread/INFO]: [sheha316: Set own game mode to Survival Mode]
[01:03:15] [Server thread/INFO]: sheha316 has made the advancement [Suit Up]
[01:22:06] [Server thread/WARN]: sheha316 was kicked for floating too long!
[01:22:06] [Server thread/INFO]: sheha316 lost connection: Flying is not enabled on this server
[01:22:06] [Server thread/INFO]: sheha316 left the game
[01:22:17] [User Authenticator #5/INFO]: UUID of player sheha316 is 14418269-a7e6-4aa0-9bde-ccc8ddb137dd
[01:22:17] [Server thread/INFO]: sheha316[/25.74.152.73:62230] logged in with entity id 47372 at (76.29999997466803, 72.1, 222.29999997466803)
[01:22:17] [Server thread/INFO]: sheha316 joined the game
[01:34:07] [Server thread/INFO]: sheha316 lost connection: Disconnected
[01:34:07] [Server thread/INFO]: sheha316 left the game
[08:45:25] [User Authenticator #6/INFO]: UUID of player sheha316 is 14418269-a7e6-4aa0-9bde-ccc8ddb137dd
[08:45:25] [Server thread/INFO]: sheha316[/25.74.152.73:64805] logged in with entity id 48933 at (78.78667228840256, 71.0, 217.5551572206358)
[08:45:25] [Server thread/INFO]: sheha316 joined the game
[09:56:49] [Server thread/WARN]: Can't keep up! Is the server overloaded? Running 2141ms or 42 ticks behind
[10:16:51] [Server thread/WARN]: Can't keep up! Is the server overloaded? Running 2265ms or 45 ticks behind
[10:34:18] [Server thread/INFO]: sheha316 has made the advancement [Local Brewery]
[10:55:04] [Server thread/WARN]: Fetching packet for removed entity atx['Air'/75597, l='world', x=81.36, y=71.00, z=201.29]
[11:13:35] [Server thread/WARN]: Fetching packet for removed entity atx['Air'/78062, l='world', x=79.63, y=71.00, z=201.42]
[11:26:20] [Server thread/INFO]: sheha316 has made the advancement [Diamonds!]
[11:54:00] [Server thread/WARN]: Fetching packet for removed entity atx['Air'/83663, l='world', x=85.69, y=71.00, z=200.27]
[12:08:47] [Server thread/INFO]: sheha316 has made the advancement [Ice Bucket Challenge]
[12:34:12] [Server thread/WARN]: Fetching packet for removed entity avd['Skeleton'/89261, l='world', x=69.50, y=55.85, z=159.50]
[12:44:03] [Server thread/INFO]: [sheha316: Set own game mode to Creative Mode]
[12:51:53] [Server thread/WARN]: sheha316 moved too quickly! -5.571396953964694,0.0,8.405611359602062
[12:56:53] [Server thread/WARN]: sheha316 moved too quickly! -0.9955530010959137,0.0,-10.547895472747314
[12:56:53] [Server thread/WARN]: Can't keep up! Is the server overloaded? Running 2316ms or 46 ticks behind
[12:57:05] [Server thread/WARN]: Skipping Entity with id 
[13:01:55] [Server thread/WARN]: sheha316 moved too quickly! -3.863682251422233,0.0,-10.17033567615863
[13:06:55] [Server thread/WARN]: sheha316 moved too quickly! 6.2196105679934135,0.0,-8.870646471285454
[13:11:55] [Server thread/WARN]: sheha316 moved too quickly! 2.311287798081594,0.0,10.640680629887243
[13:16:21] [Server thread/INFO]: [sheha316: Teleported sheha316 to sheha316]
[13:16:42] [Server thread/INFO]: [sheha316: Teleported sheha316 to 900.5, 111.0, 326.5]
[13:16:42] [Server thread/WARN]: sheha316 moved too quickly! -438.03460168378297,-0.49363801665340645,-0.1840863083481281
[13:16:51] [Server thread/INFO]: [sheha316: Teleported sheha316 to 700.5, 111.0, 326.5]
[13:16:51] [Server thread/WARN]: sheha316 moved too quickly! -200.0,0.0,0.0
[13:16:57] [Server thread/INFO]: [sheha316: Teleported sheha316 to 500.5, 111.0, 326.5]
[13:16:57] [Server thread/WARN]: sheha316 moved too quickly! -190.44415661882363,0.0,3.762471143958237
[13:17:02] [Server thread/INFO]: [sheha316: Teleported sheha316 to 200.5, 111.0, 326.5]
[13:17:41] [Server thread/INFO]: [sheha316: Teleported sheha316 to 600.5, 111.0, 626.5]
[13:17:41] [Server thread/WARN]: sheha316 moved too quickly! 483.5949562418343,33.0068629940498,358.3441408861318
[13:17:41] [Server thread/WARN]: sheha316 moved too quickly! 483.5949562418343,33.0068629940498,358.3441408861318
[13:17:52] [Server thread/INFO]: [sheha316: Teleported sheha316 to 700.5, 111.0, 926.5]
[13:18:14] [Server thread/INFO]: [sheha316: Teleported sheha316 to 200.5, 111.0, 326.5]
[13:18:14] [Server thread/WARN]: sheha316 moved too quickly! -591.4883707017196,0.3687014546508749,-973.741026798858
[13:22:06] [Server thread/WARN]: Fetching packet for removed entity atx['Air'/144734, l='world', x=79.09, y=71.00, z=201.07]
[13:22:36] [Server thread/INFO]: [sheha316: Set own game mode to Survival Mode]
[13:24:59] [Server thread/INFO]: [sheha316: Set own game mode to Creative Mode]
[13:36:32] [Server thread/INFO]: [sheha316: Set own game mode to Adventure Mode]
[13:36:33] [Server thread/INFO]: sheha316 lost connection: Disconnected
[13:36:33] [Server thread/INFO]: sheha316 left the game
[14:00:49] [User Authenticator #7/INFO]: UUID of player sheha316 is 14418269-a7e6-4aa0-9bde-ccc8ddb137dd
[14:00:50] [Server thread/INFO]: sheha316[/25.74.152.73:63683] logged in with entity id 146571 at (80.24410457955578, 71.0, 218.73428858735002)
[14:00:50] [Server thread/INFO]: sheha316 joined the game
[14:01:00] [Server thread/INFO]: [sheha316: Set own game mode to Creative Mode]
[14:26:03] [Server thread/INFO]: [sheha316: Set own game mode to Adventure Mode]
[14:26:33] [Server thread/INFO]: [sheha316: Set own game mode to Creative Mode]
[14:34:01] [Server thread/INFO]: [sheha316: Set own game mode to Adventure Mode]
[14:34:30] [Server thread/INFO]: [sheha316: Set own game mode to Survival Mode]
[14:40:32] [Server thread/INFO]: sheha316 lost connection: Disconnected
[14:40:32] [Server thread/INFO]: sheha316 left the game
[14:42:13] [Server thread/INFO]: Stopping the server
[14:42:13] [Server thread/INFO]: Stopping server
[14:42:13] [Server thread/INFO]: Saving players
[14:42:13] [Server thread/INFO]: Saving worlds
[14:42:13] [Server thread/INFO]: Saving chunks for level 'world'/minecraft:the_end
[14:42:13] [Server thread/INFO]: ThreadedAnvilChunkStorage (DIM1): All chunks are saved
[14:42:13] [Server thread/INFO]: Saving chunks for level 'world'/minecraft:the_nether
[14:42:13] [Server thread/INFO]: ThreadedAnvilChunkStorage (DIM-1): All chunks are saved
[14:42:13] [Server thread/INFO]: Saving chunks for level 'world'/minecraft:overworld
[14:42:13] [Server thread/INFO]: ThreadedAnvilChunkStorage (world): All chunks are saved
[14:42:13] [Server thread/INFO]: ThreadedAnvilChunkStorage (DIM1): All chunks are saved
[14:42:13] [Server thread/INFO]: ThreadedAnvilChunkStorage (DIM-1): All chunks are saved
[14:42:13] [Server thread/INFO]: ThreadedAnvilChunkStorage (world): All chunks are saved
